<?xml version="1.0" encoding="UTF-8"?>
<!-- Generated by org.testng.reporters.JUnitReportReporter -->
<testsuite hostname="PHLT255-0422" failures="0" tests="1" name="roi.live.project.OrderCompleteTest" time="25.222" errors="0" timestamp="2024-03-05T16:44:14 PST" skipped="0">
  <testcase classname="roi.live.project.OrderCompleteTest" name="endToEndTest" time="25.222"/>
</testsuite> <!-- roi.live.project.OrderCompleteTest -->
