<?xml version="1.0" encoding="UTF-8"?>
<!-- Generated by org.testng.reporters.JUnitReportReporter -->
<testsuite hostname="PHLT255-0422" failures="0" tests="1" name="roi.live.project.AddRemoveItemBasketTest" time="15.260" errors="0" timestamp="2024-03-05T16:44:14 PST" skipped="0">
  <testcase classname="roi.live.project.AddRemoveItemBasketTest" name="AddItemTest" time="15.260"/>
</testsuite> <!-- roi.live.project.AddRemoveItemBasketTest -->
